\BOOKMARK [0][-]{section*.5}{Abstract}{}% 1
\BOOKMARK [0][-]{Table of Contents.0}{Table of Contents}{}% 2
\BOOKMARK [0][-]{section*.8}{List of Figures}{}% 3
\BOOKMARK [0][-]{section*.10}{List of Tables}{}% 4
\BOOKMARK [0][-]{chapter*.13}{List of Symbols}{}% 5
\BOOKMARK [0][-]{chapter.2}{Related Works}{}% 13
\BOOKMARK [1][-]{section.2.1}{Dereverberation methods}{chapter.2}% 14
\BOOKMARK [2][-]{subsection.2.1.1}{Beamforming}{section.2.1}% 15
\BOOKMARK [2][-]{subsection.2.1.2}{Inverse filtering based methods}{section.2.1}% 16
\BOOKMARK [2][-]{subsection.2.1.3}{Reverberation suppression methods}{section.2.1}% 17
\BOOKMARK [1][-]{section.2.2}{NMF based dereverberation methods}{chapter.2}% 18
\BOOKMARK [1][-]{section.2.3}{Limitations of NMF based dereverberation methods in literature}{chapter.2}% 19
\BOOKMARK [0][-]{chapter.4}{Dereverberation based on RIR constrained cost function}{}% 34
\BOOKMARK [1][-]{section.4.1}{Basic NMF based dereverberation methods}{chapter.4}% 35
\BOOKMARK [2][-]{subsection.4.1.1}{CNMF based reverberation model}{section.4.1}% 36
\BOOKMARK [2][-]{subsection.4.1.2}{CNMF model with NMF model for clean speech}{section.4.1}% 37
\BOOKMARK [2][-]{subsection.4.1.3}{Comparison of reverberation models}{section.4.1}% 38
\BOOKMARK [1][-]{section.4.2}{Incorporation of RIR properties on optimization problem}{chapter.4}% 39
\BOOKMARK [2][-]{subsection.4.2.1}{Frequency envelope of RIR spectrogram}{section.4.2}% 40
\BOOKMARK [2][-]{subsection.4.2.2}{Sparsity of RIR spectrogram}{section.4.2}% 41
\BOOKMARK [2][-]{subsection.4.2.3}{Retaining early part of RIR}{section.4.2}% 42
\BOOKMARK [0][-]{chapter.5}{Separability Assumption on RIR Spectrogram}{}% 43
\BOOKMARK [1][-]{section.5.1}{NMF degradation models}{chapter.5}% 44
\BOOKMARK [1][-]{section.5.2}{Analysis of model}{chapter.5}% 45
\BOOKMARK [1][-]{section.5.3}{Enhancement algorithm}{chapter.5}% 46
\BOOKMARK [1][-]{section.5.4}{Experimental results}{chapter.5}% 47
\BOOKMARK [1][-]{section.5.5}{Discussion}{chapter.5}% 48
\BOOKMARK [0][-]{chapter.6}{Low-rank NMF model for RIR spectrogram}{}% 49
\BOOKMARK [1][-]{section.6.1}{Justification of low-rank approximation}{chapter.6}% 50
\BOOKMARK [1][-]{section.6.2}{NMF model for degraded spectrogram}{chapter.6}% 51
\BOOKMARK [1][-]{section.6.3}{Algorithm details}{chapter.6}% 52
\BOOKMARK [1][-]{section.6.4}{Experimental results}{chapter.6}% 53
\BOOKMARK [1][-]{section.6.5}{Discussion}{chapter.6}% 54
\BOOKMARK [0][-]{appendix.A}{Supporting Material}{}% 49
\BOOKMARK [0][-]{section*.16}{References}{}% 50
\BOOKMARK [0][-]{section*.18}{List of Publications}{}% 51
\BOOKMARK [0][-]{section*.20}{Acknowledgements}{}% 52
